<?xml version="1.0" encoding="UTF-8"?>
<!-- Generated by org.testng.reporters.JUnitReportReporter -->
<testsuite hostname="DESKTOP-G2HCGQK" failures="0" tests="2" name="sandbox_TestNG.LogInPageTestNG" time="44.721" errors="0" timestamp="2020-05-18T14:23:44 EEST" skipped="0">
  <testcase classname="sandbox_TestNG.LogInPageTestNG" name="logInKnownUser" time="23.329"/>
  <system-out/>
  <testcase classname="sandbox_TestNG.LogInPageTestNG" name="failLogInUnknownUser" time="21.392"/>
  <system-out/>
</testsuite> <!-- sandbox_TestNG.LogInPageTestNG -->
