<?xml version="1.0" encoding="UTF-8"?>
<!-- Generated by org.testng.reporters.JUnitReportReporter -->
<testsuite hostname="DESKTOP-G2HCGQK" failures="0" tests="3" name="sandbox_TestNG.ProductsTestNG" time="63.480" errors="0" timestamp="2020-05-18T14:25:53 EEST" skipped="0">
  <testcase classname="sandbox_TestNG.ProductsTestNG" name="addProd" time="52.353"/>
  <system-out/>
  <testcase classname="sandbox_TestNG.ProductsTestNG" name="checkIfadded" time="2.487"/>
  <system-out/>
  <testcase classname="sandbox_TestNG.ProductsTestNG" name="editProdPrice" time="8.640"/>
  <system-out/>
</testsuite> <!-- sandbox_TestNG.ProductsTestNG -->
